Using pre-set license
Built from '2021.3/staging' branch; Version is '2021.3.5f1 (40eb3a945986) revision 4254522'; Using compiler version '192829333'; Build Type 'Release'
OS: 'Windows 11  (10.0.22000) 64bit CoreCountrySpecific' Language: 'zh' Physical Memory: 16076 MB
BatchMode: 1, IsHumanControllingUs: 0, StartBugReporterOnCrash: 0, Is64bit: 1, IsPro: 1

COMMAND LINE ARGUMENTS:
C:\Program Files\Unity\Hub\Editor\2021.3.5f1\Editor\Unity.exe
-adb2
-batchMode
-noUpm
-name
AssetImportWorker2
-projectPath
C:/Users/蔡文磊/Documents/GitHub/CrossMetaTrade/CrossMetaTrade
-logFile
Logs/AssetImportWorker2.log
-srvPort
64473
Successfully changed project path to: C:/Users/蔡文磊/Documents/GitHub/CrossMetaTrade/CrossMetaTrade
C:/Users/蔡文磊/Documents/GitHub/CrossMetaTrade/CrossMetaTrade
[UnityMemory] Configuration Parameters - Can be set up in boot.config
    "memorysetup-bucket-allocator-granularity=16"
    "memorysetup-bucket-allocator-bucket-count=8"
    "memorysetup-bucket-allocator-block-size=33554432"
    "memorysetup-bucket-allocator-block-count=8"
    "memorysetup-main-allocator-block-size=16777216"
    "memorysetup-thread-allocator-block-size=16777216"
    "memorysetup-gfx-main-allocator-block-size=16777216"
    "memorysetup-gfx-thread-allocator-block-size=16777216"
    "memorysetup-cache-allocator-block-size=4194304"
    "memorysetup-typetree-allocator-block-size=2097152"
    "memorysetup-profiler-bucket-allocator-granularity=16"
    "memorysetup-profiler-bucket-allocator-bucket-count=8"
    "memorysetup-profiler-bucket-allocator-block-size=33554432"
    "memorysetup-profiler-bucket-allocator-block-count=8"
    "memorysetup-profiler-allocator-block-size=16777216"
    "memorysetup-profiler-editor-allocator-block-size=1048576"
    "memorysetup-temp-allocator-size-main=16777216"
    "memorysetup-job-temp-allocator-block-size=2097152"
    "memorysetup-job-temp-allocator-block-size-background=1048576"
    "memorysetup-job-temp-allocator-reduction-small-platforms=262144"
    "memorysetup-temp-allocator-size-background-worker=32768"
    "memorysetup-temp-allocator-size-job-worker=262144"
    "memorysetup-temp-allocator-size-preload-manager=33554432"
    "memorysetup-temp-allocator-size-nav-mesh-worker=65536"
    "memorysetup-temp-allocator-size-audio-worker=65536"
    "memorysetup-temp-allocator-size-cloud-worker=32768"
    "memorysetup-temp-allocator-size-gi-baking-worker=262144"
    "memorysetup-temp-allocator-size-gfx=262144"
Refreshing native plugins compatible for Editor in 54.21 ms, found 3 plugins.
Preloading 0 native plugins for Editor in 0.00 ms.
Initialize engine version: 2021.3.5f1 (40eb3a945986)
[Subsystems] Discovering subsystems at path C:/Program Files/Unity/Hub/Editor/2021.3.5f1/Editor/Data/Resources/UnitySubsystems
[Subsystems] Discovering subsystems at path C:/Users/蔡文磊/Documents/GitHub/CrossMetaTrade/CrossMetaTrade/Assets
GfxDevice: creating device client; threaded=0; jobified=0
Direct3D:
    Version:  Direct3D 11.0 [level 11.1]
    Renderer: NVIDIA GeForce RTX 3060 Laptop GPU (ID=0x2520)
    Vendor:   NVIDIA
    VRAM:     6023 MB
    Driver:   30.0.15.1278
Initialize mono
Mono path[0] = 'C:/Program Files/Unity/Hub/Editor/2021.3.5f1/Editor/Data/Managed'
Mono path[1] = 'C:/Program Files/Unity/Hub/Editor/2021.3.5f1/Editor/Data/MonoBleedingEdge/lib/mono/unityjit-win32'
Mono config path = 'C:/Program Files/Unity/Hub/Editor/2021.3.5f1/Editor/Data/MonoBleedingEdge/etc'
Using monoOptions --debugger-agent=transport=dt_socket,embedding=1,server=y,suspend=n,address=127.0.0.1:56892
Begin MonoManager ReloadAssembly
Registering precompiled unity dll's ...
Register platform support module: C:/Program Files/Unity/Hub/Editor/2021.3.5f1/Editor/Data/PlaybackEngines/WebGLSupport/UnityEditor.WebGL.Extensions.dll
Register platform support module: C:/Program Files/Unity/Hub/Editor/2021.3.5f1/Editor/Data/PlaybackEngines/WindowsStandaloneSupport/UnityEditor.WindowsStandalone.Extensions.dll
Registered in 0.003917 seconds.
Native extension for WindowsStandalone target not found
Native extension for WebGL target not found
Refreshing native plugins compatible for Editor in 50.55 ms, found 3 plugins.
Preloading 0 native plugins for Editor in 0.00 ms.
Mono: successfully reloaded assembly
- Completed reload, in  0.429 seconds
Domain Reload Profiling:
	ReloadAssembly (430ms)
		BeginReloadAssembly (56ms)
			ExecutionOrderSort (0ms)
			DisableScriptedObjects (0ms)
			BackupInstance (0ms)
			ReleaseScriptingObjects (0ms)
			CreateAndSetChildDomain (1ms)
		EndReloadAssembly (295ms)
			LoadAssemblies (53ms)
			RebuildTransferFunctionScriptingTraits (0ms)
			SetupTypeCache (72ms)
			ReleaseScriptCaches (0ms)
			RebuildScriptCaches (22ms)
			SetupLoadedEditorAssemblies (163ms)
				LogAssemblyErrors (0ms)
				InitializePlatformSupportModulesInManaged (6ms)
				SetLoadedEditorAssemblies (0ms)
				RefreshPlugins (51ms)
				BeforeProcessingInitializeOnLoad (1ms)
				ProcessInitializeOnLoadAttributes (79ms)
				ProcessInitializeOnLoadMethodAttributes (26ms)
				AfterProcessingInitializeOnLoad (0ms)
				EditorAssembliesLoaded (0ms)
			ExecutionOrderSort2 (0ms)
			AwakeInstancesAfterBackupRestoration (0ms)
Platform modules already initialized, skipping
Registering precompiled user dll's ...
Registered in 0.005992 seconds.
Begin MonoManager ReloadAssembly
Symbol file LoadedFromMemory doesn't match image C:\Users\蔡文磊\Documents\GitHub\CrossMetaTrade\CrossMetaTrade\Library\PackageCache\com.unity.visualscripting@1.7.8\Editor\VisualScripting.Core\Dependencies\YamlDotNet\Unity.VisualScripting.YamlDotNet.dll
Symbol file LoadedFromMemory doesn't match image C:\Users\蔡文磊\Documents\GitHub\CrossMetaTrade\CrossMetaTrade\Library\PackageCache\com.unity.visualscripting@1.7.8\Editor\VisualScripting.Core\Dependencies\DotNetZip\Unity.VisualScripting.IonicZip.dll
Native extension for WindowsStandalone target not found
Native extension for WebGL target not found
Refreshing native plugins compatible for Editor in 0.40 ms, found 3 plugins.
Preloading 0 native plugins for Editor in 0.00 ms.
Mono: successfully reloaded assembly
- Completed reload, in  0.654 seconds
Domain Reload Profiling:
	ReloadAssembly (654ms)
		BeginReloadAssembly (79ms)
			ExecutionOrderSort (0ms)
			DisableScriptedObjects (3ms)
			BackupInstance (0ms)
			ReleaseScriptingObjects (0ms)
			CreateAndSetChildDomain (12ms)
		EndReloadAssembly (494ms)
			LoadAssemblies (57ms)
			RebuildTransferFunctionScriptingTraits (0ms)
			SetupTypeCache (160ms)
			ReleaseScriptCaches (0ms)
			RebuildScriptCaches (28ms)
			SetupLoadedEditorAssemblies (226ms)
				LogAssemblyErrors (0ms)
				InitializePlatformSupportModulesInManaged (4ms)
				SetLoadedEditorAssemblies (0ms)
				RefreshPlugins (0ms)
				BeforeProcessingInitializeOnLoad (53ms)
				ProcessInitializeOnLoadAttributes (143ms)
				ProcessInitializeOnLoadMethodAttributes (18ms)
				AfterProcessingInitializeOnLoad (6ms)
				EditorAssembliesLoaded (0ms)
			ExecutionOrderSort2 (0ms)
			AwakeInstancesAfterBackupRestoration (3ms)
Platform modules already initialized, skipping
========================================================================
Worker process is ready to serve import requests
Launched and connected shader compiler UnityShaderCompiler.exe after 0.03 seconds
Refreshing native plugins compatible for Editor in 0.43 ms, found 3 plugins.
Preloading 0 native plugins for Editor in 0.00 ms.
Unloading 3368 Unused Serialized files (Serialized files now loaded: 0)
Unloading 27 unused Assets / (111.5 KB). Loaded Objects now: 3824.
Memory consumption went from 115.9 MB to 115.8 MB.
Total: 2.836200 ms (FindLiveObjects: 0.165100 ms CreateObjectMapping: 0.058200 ms MarkObjects: 2.539300 ms  DeleteObjects: 0.072800 ms)

AssetImportParameters requested are different than current active one (requested -> active):
  custom:video-decoder-ogg-theora: a1e56fd34408186e4bbccfd4996cb3dc -> 
  custom:container-muxer-webm: aa71ff27fc2769a1b78a27578f13a17b -> 
  custom:container-demuxer-webm: 4f35f7cbe854078d1ac9338744f61a02 -> 
  custom:video-encoder-webm-vp8: eb34c28f22e8b96e1ab97ce403110664 -> 
  custom:video-codec-MediaFoundation-h265: 746d11721c4dcdbdad8f713fa42b33f4 -> 
  custom:audio-encoder-webm-vorbis: bf7c407c2cedff20999df2af8eb42d56 -> 
  custom:framework-win-MediaFoundation: 216162199b28c13a410421893ffa2e32 -> 
  custom:container-demuxer-ogg: 62fdf1f143b41e24485cea50d1cbac27 -> 
  custom:video-decoder-webm-vp8: 9c59270c3fd7afecdb556c50c9e8de78 -> 
  custom:audio-decoder-ogg-vorbis: bf7c407c2cedff20999df2af8eb42d56 -> 
========================================================================
Received Import Request.
  Time since last request: 334956.705848 seconds.
  path: Assets/Models
  artifactKey: Guid(a58825f2d824b0e4c9bf40ae71f15ca2) Importer(815301076,1909f56bfc062723c751e8b465ee728b)
Start importing Assets/Models using Guid(a58825f2d824b0e4c9bf40ae71f15ca2) Importer(815301076,1909f56bfc062723c751e8b465ee728b)  -> (artifact id: 'cada7d9cdd9e9f391dca467458e7971f') in 0.008306 seconds 
========================================================================
Received Import Request.
  Time since last request: 7.860421 seconds.
  path: Assets/Models/T-Pose
  artifactKey: Guid(356e48d3670b13845972c80cdc6dcf55) Importer(815301076,1909f56bfc062723c751e8b465ee728b)
Start importing Assets/Models/T-Pose using Guid(356e48d3670b13845972c80cdc6dcf55) Importer(815301076,1909f56bfc062723c751e8b465ee728b)  -> (artifact id: '381d6ba3c766481598658946993f99dd') in 0.004591 seconds 
========================================================================
Received Import Request.
  Time since last request: 6.338592 seconds.
  path: Assets/Models/Animations
  artifactKey: Guid(c62aa1658b734624fb8ebb874a551dd8) Importer(815301076,1909f56bfc062723c751e8b465ee728b)
Start importing Assets/Models/Animations using Guid(c62aa1658b734624fb8ebb874a551dd8) Importer(815301076,1909f56bfc062723c751e8b465ee728b)  -> (artifact id: 'eca8e80a780ca12fb494f7061acf5012') in 0.004719 seconds 
========================================================================
Received Import Request.
  Time since last request: 21.290319 seconds.
  path: Assets/Models/Animations/Remy@Neutral Idle.fbx
  artifactKey: Guid(e8b1dd99dff1fe2419630ab42b197630) Importer(815301076,1909f56bfc062723c751e8b465ee728b)
Start importing Assets/Models/Animations/Remy@Neutral Idle.fbx using Guid(e8b1dd99dff1fe2419630ab42b197630) Importer(815301076,1909f56bfc062723c751e8b465ee728b)  -> (artifact id: 'c3fc955628bb6eedb7b5538e999f6243') in 0.035871 seconds 
========================================================================
Received Import Request.
  Time since last request: 3.991918 seconds.
  path: Assets/Models/T-Pose/Remy.fbx
  artifactKey: Guid(2010d049a89deb0498275da90ba5af44) Importer(815301076,1909f56bfc062723c751e8b465ee728b)
Start importing Assets/Models/T-Pose/Remy.fbx using Guid(2010d049a89deb0498275da90ba5af44) Importer(815301076,1909f56bfc062723c751e8b465ee728b)  -> (artifact id: '0fa3e23a7295ab17810a3867ce3e02c8') in 0.168456 seconds 
========================================================================
Received Import Request.
  Time since last request: 3.511576 seconds.
  path: Assets/Models/T-Pose/Remy.fbx
  artifactKey: Guid(2010d049a89deb0498275da90ba5af44) Importer(815301076,1909f56bfc062723c751e8b465ee728b)
Start importing Assets/Models/T-Pose/Remy.fbx using Guid(2010d049a89deb0498275da90ba5af44) Importer(815301076,1909f56bfc062723c751e8b465ee728b)  -> (artifact id: '60e556fa6acd476352958f4b40608286') in 0.107661 seconds 
========================================================================
Received Import Request.
  Time since last request: 20.696310 seconds.
  path: Assets/Models/Animations/Neutral Idle.anim
  artifactKey: Guid(ca285309cf1249649831cc0919c0ed93) Importer(815301076,1909f56bfc062723c751e8b465ee728b)
Start importing Assets/Models/Animations/Neutral Idle.anim using Guid(ca285309cf1249649831cc0919c0ed93) Importer(815301076,1909f56bfc062723c751e8b465ee728b)  -> (artifact id: '66c51f672168ebbc078587fe5f8961c8') in 0.019731 seconds 
========================================================================
Received Import Request.
  Time since last request: 4.072520 seconds.
  path: Assets/Models/Animations/Running.anim
  artifactKey: Guid(24c90ceacda6dd945bd49df3f8ee2c04) Importer(815301076,1909f56bfc062723c751e8b465ee728b)
Start importing Assets/Models/Animations/Running.anim using Guid(24c90ceacda6dd945bd49df3f8ee2c04) Importer(815301076,1909f56bfc062723c751e8b465ee728b)  -> (artifact id: '64bfcf67fc3774b2247b7ab22a40cc39') in 0.012722 seconds 
========================================================================
Received Import Request.
  Time since last request: 2.358360 seconds.
  path: Assets/Models/Animations/Walking.anim
  artifactKey: Guid(cfcbc494d8a002f48a62d7fac8d70dd4) Importer(815301076,1909f56bfc062723c751e8b465ee728b)
Start importing Assets/Models/Animations/Walking.anim using Guid(cfcbc494d8a002f48a62d7fac8d70dd4) Importer(815301076,1909f56bfc062723c751e8b465ee728b)  -> (artifact id: '9c4ae5c003619d69a7c37282a2d213eb') in 0.014777 seconds 
========================================================================
Received Import Request.
  Time since last request: 79.733641 seconds.
  path: Assets/Models/PlayerAnimatorController.controller
  artifactKey: Guid(c42f92f64ed78ec41ad51263f609dd17) Importer(815301076,1909f56bfc062723c751e8b465ee728b)
Start importing Assets/Models/PlayerAnimatorController.controller using Guid(c42f92f64ed78ec41ad51263f609dd17) Importer(815301076,1909f56bfc062723c751e8b465ee728b)  -> (artifact id: 'db137a68fbf5fad94ea13033cdad0621') in 0.007451 seconds 
========================================================================
Received Prepare
Registering precompiled user dll's ...
Registered in 0.006592 seconds.
Begin MonoManager ReloadAssembly
Symbol file LoadedFromMemory doesn't match image C:\Users\蔡文磊\Documents\GitHub\CrossMetaTrade\CrossMetaTrade\Library\PackageCache\com.unity.visualscripting@1.7.8\Editor\VisualScripting.Core\Dependencies\YamlDotNet\Unity.VisualScripting.YamlDotNet.dll
Symbol file LoadedFromMemory doesn't match image C:\Users\蔡文磊\Documents\GitHub\CrossMetaTrade\CrossMetaTrade\Library\PackageCache\com.unity.visualscripting@1.7.8\Editor\VisualScripting.Core\Dependencies\DotNetZip\Unity.VisualScripting.IonicZip.dll
Native extension for WindowsStandalone target not found
Native extension for WebGL target not found
Refreshing native plugins compatible for Editor in 0.44 ms, found 3 plugins.
Preloading 0 native plugins for Editor in 0.00 ms.
Mono: successfully reloaded assembly
- Completed reload, in  0.718 seconds
Domain Reload Profiling:
	ReloadAssembly (719ms)
		BeginReloadAssembly (105ms)
			ExecutionOrderSort (0ms)
			DisableScriptedObjects (2ms)
			BackupInstance (0ms)
			ReleaseScriptingObjects (0ms)
			CreateAndSetChildDomain (27ms)
		EndReloadAssembly (540ms)
			LoadAssemblies (67ms)
			RebuildTransferFunctionScriptingTraits (0ms)
			SetupTypeCache (183ms)
			ReleaseScriptCaches (1ms)
			RebuildScriptCaches (27ms)
			SetupLoadedEditorAssemblies (230ms)
				LogAssemblyErrors (0ms)
				InitializePlatformSupportModulesInManaged (11ms)
				SetLoadedEditorAssemblies (0ms)
				RefreshPlugins (0ms)
				BeforeProcessingInitializeOnLoad (49ms)
				ProcessInitializeOnLoadAttributes (143ms)
				ProcessInitializeOnLoadMethodAttributes (19ms)
				AfterProcessingInitializeOnLoad (7ms)
				EditorAssembliesLoaded (0ms)
			ExecutionOrderSort2 (0ms)
			AwakeInstancesAfterBackupRestoration (4ms)
Platform modules already initialized, skipping
Refreshing native plugins compatible for Editor in 2.47 ms, found 3 plugins.
Preloading 0 native plugins for Editor in 0.00 ms.
Unloading 3363 Unused Serialized files (Serialized files now loaded: 0)
Unloading 20 unused Assets / (78.6 KB). Loaded Objects now: 3870.
Memory consumption went from 133.3 MB to 133.2 MB.
Total: 2.578700 ms (FindLiveObjects: 0.166700 ms CreateObjectMapping: 0.078200 ms MarkObjects: 2.260900 ms  DeleteObjects: 0.071900 ms)

AssetImportParameters requested are different than current active one (requested -> active):
  custom:video-decoder-ogg-theora: a1e56fd34408186e4bbccfd4996cb3dc -> 
  custom:container-muxer-webm: aa71ff27fc2769a1b78a27578f13a17b -> 
  custom:container-demuxer-webm: 4f35f7cbe854078d1ac9338744f61a02 -> 
  custom:video-encoder-webm-vp8: eb34c28f22e8b96e1ab97ce403110664 -> 
  custom:video-codec-MediaFoundation-h265: 746d11721c4dcdbdad8f713fa42b33f4 -> 
  custom:audio-encoder-webm-vorbis: bf7c407c2cedff20999df2af8eb42d56 -> 
  custom:framework-win-MediaFoundation: 216162199b28c13a410421893ffa2e32 -> 
  custom:container-demuxer-ogg: 62fdf1f143b41e24485cea50d1cbac27 -> 
  custom:video-decoder-webm-vp8: 9c59270c3fd7afecdb556c50c9e8de78 -> 
  custom:audio-decoder-ogg-vorbis: bf7c407c2cedff20999df2af8eb42d56 -> 
========================================================================
Received Import Request.
  Time since last request: 75.687102 seconds.
  path: Assets/Models/T-Pose/BodyMat.mat
  artifactKey: Guid(29fcd4a176f61aa49bf0f79709093dca) Importer(815301076,1909f56bfc062723c751e8b465ee728b)
Start importing Assets/Models/T-Pose/BodyMat.mat using Guid(29fcd4a176f61aa49bf0f79709093dca) Importer(815301076,1909f56bfc062723c751e8b465ee728b)  -> (artifact id: '97366c0361ffee4cace6ab26f1b34c10') in 0.083129 seconds 
========================================================================
Received Import Request.
  Time since last request: 6.737381 seconds.
  path: Assets/Models/T-Pose/BodyMat 1.mat
  artifactKey: Guid(13c08c93c0e5ae448b51a6e1adb66cb2) Importer(815301076,1909f56bfc062723c751e8b465ee728b)
Start importing Assets/Models/T-Pose/BodyMat 1.mat using Guid(13c08c93c0e5ae448b51a6e1adb66cb2) Importer(815301076,1909f56bfc062723c751e8b465ee728b)  -> (artifact id: 'a88209d3546dd2efc37c4b19cb431112') in 0.010278 seconds 
========================================================================
Received Import Request.
  Time since last request: 0.265982 seconds.
  path: Assets/Models/T-Pose/BodyMat 2.mat
  artifactKey: Guid(5d8717d9e46875d45b71032127d8978b) Importer(815301076,1909f56bfc062723c751e8b465ee728b)
Start importing Assets/Models/T-Pose/BodyMat 2.mat using Guid(5d8717d9e46875d45b71032127d8978b) Importer(815301076,1909f56bfc062723c751e8b465ee728b)  -> (artifact id: '3295dec4155b3a8efa8fff16c2c60e2c') in 0.011490 seconds 
========================================================================
Received Import Request.
  Time since last request: 0.374497 seconds.
  path: Assets/Models/T-Pose/BodyMat 3.mat
  artifactKey: Guid(8a418d7d09e15a54aa88246de2337ee7) Importer(815301076,1909f56bfc062723c751e8b465ee728b)
Start importing Assets/Models/T-Pose/BodyMat 3.mat using Guid(8a418d7d09e15a54aa88246de2337ee7) Importer(815301076,1909f56bfc062723c751e8b465ee728b)  -> (artifact id: '2f65508bfe250c970df5636e2ca2833a') in 0.011057 seconds 
========================================================================
Received Import Request.
  Time since last request: 0.363269 seconds.
  path: Assets/Models/T-Pose/BodyMat 4.mat
  artifactKey: Guid(e925ebdf9a90e11439f0bcf8e8616ccc) Importer(815301076,1909f56bfc062723c751e8b465ee728b)
Start importing Assets/Models/T-Pose/BodyMat 4.mat using Guid(e925ebdf9a90e11439f0bcf8e8616ccc) Importer(815301076,1909f56bfc062723c751e8b465ee728b)  -> (artifact id: 'dc27a422264a41e9bf2896af94891da9') in 0.010744 seconds 
========================================================================
Received Import Request.
  Time since last request: 0.334592 seconds.
  path: Assets/Models/T-Pose/BodyMat 5.mat
  artifactKey: Guid(3a8ecd74329289546b17b9d564dfee9f) Importer(815301076,1909f56bfc062723c751e8b465ee728b)
Start importing Assets/Models/T-Pose/BodyMat 5.mat using Guid(3a8ecd74329289546b17b9d564dfee9f) Importer(815301076,1909f56bfc062723c751e8b465ee728b)  -> (artifact id: 'ed513acb13a763facfba485d131cd524') in 0.010817 seconds 
========================================================================
Received Import Request.
  Time since last request: 6.802671 seconds.
  path: Assets/Models/T-Pose/Bottommat.mat
  artifactKey: Guid(13c08c93c0e5ae448b51a6e1adb66cb2) Importer(815301076,1909f56bfc062723c751e8b465ee728b)
Start importing Assets/Models/T-Pose/Bottommat.mat using Guid(13c08c93c0e5ae448b51a6e1adb66cb2) Importer(815301076,1909f56bfc062723c751e8b465ee728b)  -> (artifact id: '6f10a8357859bd4fd5722732a63316c9') in 0.010443 seconds 
========================================================================
Received Import Request.
  Time since last request: 6.234171 seconds.
  path: Assets/Models/T-Pose/Eyelashmat.mat
  artifactKey: Guid(5d8717d9e46875d45b71032127d8978b) Importer(815301076,1909f56bfc062723c751e8b465ee728b)
Start importing Assets/Models/T-Pose/Eyelashmat.mat using Guid(5d8717d9e46875d45b71032127d8978b) Importer(815301076,1909f56bfc062723c751e8b465ee728b)  -> (artifact id: '5baa9d2632de15ef65d38717f088adbd') in 0.047712 seconds 
========================================================================
Received Import Request.
  Time since last request: 4.814259 seconds.
  path: Assets/Models/T-Pose/Hairmat.mat
  artifactKey: Guid(8a418d7d09e15a54aa88246de2337ee7) Importer(815301076,1909f56bfc062723c751e8b465ee728b)
Start importing Assets/Models/T-Pose/Hairmat.mat using Guid(8a418d7d09e15a54aa88246de2337ee7) Importer(815301076,1909f56bfc062723c751e8b465ee728b)  -> (artifact id: '5e8be413ed55ebeb0a3da18383b626c9') in 0.029103 seconds 
========================================================================
Received Import Request.
  Time since last request: 5.828247 seconds.
  path: Assets/Models/T-Pose/Shoesmat.mat
  artifactKey: Guid(e925ebdf9a90e11439f0bcf8e8616ccc) Importer(815301076,1909f56bfc062723c751e8b465ee728b)
Start importing Assets/Models/T-Pose/Shoesmat.mat using Guid(e925ebdf9a90e11439f0bcf8e8616ccc) Importer(815301076,1909f56bfc062723c751e8b465ee728b)  -> (artifact id: 'd40074b3213b5c858dea77ce28865ae7') in 0.010576 seconds 
========================================================================
Received Import Request.
  Time since last request: 4.639505 seconds.
  path: Assets/Models/T-Pose/Topmap.mat
  artifactKey: Guid(3a8ecd74329289546b17b9d564dfee9f) Importer(815301076,1909f56bfc062723c751e8b465ee728b)
Start importing Assets/Models/T-Pose/Topmap.mat using Guid(3a8ecd74329289546b17b9d564dfee9f) Importer(815301076,1909f56bfc062723c751e8b465ee728b)  -> (artifact id: '9e1bb15264fee665607b5b2331d57abb') in 0.010518 seconds 
========================================================================
Received Import Request.
  Time since last request: 5.219856 seconds.
  path: Assets/Models/T-Pose/Bodymat.mat
  artifactKey: Guid(29fcd4a176f61aa49bf0f79709093dca) Importer(815301076,1909f56bfc062723c751e8b465ee728b)
Start importing Assets/Models/T-Pose/Bodymat.mat using Guid(29fcd4a176f61aa49bf0f79709093dca) Importer(815301076,1909f56bfc062723c751e8b465ee728b)  -> (artifact id: 'ab6bbc1344f2e3e12887571cc03ba394') in 0.022161 seconds 
========================================================================
Received Import Request.
  Time since last request: 23.468370 seconds.
  path: Assets/Models/T-Pose/Remy.fbx
  artifactKey: Guid(2010d049a89deb0498275da90ba5af44) Importer(815301076,1909f56bfc062723c751e8b465ee728b)
Start importing Assets/Models/T-Pose/Remy.fbx using Guid(2010d049a89deb0498275da90ba5af44) Importer(815301076,1909f56bfc062723c751e8b465ee728b)  -> (artifact id: '7b947fe3234ccbbfdc23d0fe75c32d8c') in 0.082907 seconds 
========================================================================
Received Prepare
Registering precompiled user dll's ...
Registered in 0.006750 seconds.
Begin MonoManager ReloadAssembly
Symbol file LoadedFromMemory doesn't match image C:\Users\蔡文磊\Documents\GitHub\CrossMetaTrade\CrossMetaTrade\Library\PackageCache\com.unity.visualscripting@1.7.8\Editor\VisualScripting.Core\Dependencies\YamlDotNet\Unity.VisualScripting.YamlDotNet.dll
Symbol file LoadedFromMemory doesn't match image C:\Users\蔡文磊\Documents\GitHub\CrossMetaTrade\CrossMetaTrade\Library\PackageCache\com.unity.visualscripting@1.7.8\Editor\VisualScripting.Core\Dependencies\DotNetZip\Unity.VisualScripting.IonicZip.dll
Native extension for WindowsStandalone target not found
Native extension for WebGL target not found
Refreshing native plugins compatible for Editor in 0.44 ms, found 3 plugins.
Preloading 0 native plugins for Editor in 0.00 ms.
Mono: successfully reloaded assembly
- Completed reload, in  0.708 seconds
Domain Reload Profiling:
	ReloadAssembly (708ms)
		BeginReloadAssembly (103ms)
			ExecutionOrderSort (0ms)
			DisableScriptedObjects (3ms)
			BackupInstance (0ms)
			ReleaseScriptingObjects (0ms)
			CreateAndSetChildDomain (30ms)
		EndReloadAssembly (531ms)
			LoadAssemblies (57ms)
			RebuildTransferFunctionScriptingTraits (0ms)
			SetupTypeCache (167ms)
			ReleaseScriptCaches (1ms)
			RebuildScriptCaches (27ms)
			SetupLoadedEditorAssemblies (242ms)
				LogAssemblyErrors (0ms)
				InitializePlatformSupportModulesInManaged (12ms)
				SetLoadedEditorAssemblies (0ms)
				RefreshPlugins (1ms)
				BeforeProcessingInitializeOnLoad (52ms)
				ProcessInitializeOnLoadAttributes (149ms)
				ProcessInitializeOnLoadMethodAttributes (21ms)
				AfterProcessingInitializeOnLoad (8ms)
				EditorAssembliesLoaded (0ms)
			ExecutionOrderSort2 (0ms)
			AwakeInstancesAfterBackupRestoration (5ms)
Platform modules already initialized, skipping
Refreshing native plugins compatible for Editor in 3.11 ms, found 3 plugins.
Preloading 0 native plugins for Editor in 0.00 ms.
Unloading 3363 Unused Serialized files (Serialized files now loaded: 0)
Unloading 20 unused Assets / (78.5 KB). Loaded Objects now: 3873.
Memory consumption went from 133.3 MB to 133.2 MB.
Total: 2.190300 ms (FindLiveObjects: 0.200700 ms CreateObjectMapping: 0.082000 ms MarkObjects: 1.834200 ms  DeleteObjects: 0.072600 ms)

AssetImportParameters requested are different than current active one (requested -> active):
  custom:video-decoder-ogg-theora: a1e56fd34408186e4bbccfd4996cb3dc -> 
  custom:container-muxer-webm: aa71ff27fc2769a1b78a27578f13a17b -> 
  custom:container-demuxer-webm: 4f35f7cbe854078d1ac9338744f61a02 -> 
  custom:video-encoder-webm-vp8: eb34c28f22e8b96e1ab97ce403110664 -> 
  custom:video-codec-MediaFoundation-h265: 746d11721c4dcdbdad8f713fa42b33f4 -> 
  custom:audio-encoder-webm-vorbis: bf7c407c2cedff20999df2af8eb42d56 -> 
  custom:framework-win-MediaFoundation: 216162199b28c13a410421893ffa2e32 -> 
  custom:container-demuxer-ogg: 62fdf1f143b41e24485cea50d1cbac27 -> 
  custom:video-decoder-webm-vp8: 9c59270c3fd7afecdb556c50c9e8de78 -> 
  custom:audio-decoder-ogg-vorbis: bf7c407c2cedff20999df2af8eb42d56 -> 
========================================================================
Received Import Request.
  Time since last request: 366.432302 seconds.
  path: Assets/Models/T-Pose/Remy.fbx
  artifactKey: Guid(2010d049a89deb0498275da90ba5af44) Importer(815301076,1909f56bfc062723c751e8b465ee728b)
Start importing Assets/Models/T-Pose/Remy.fbx using Guid(2010d049a89deb0498275da90ba5af44) Importer(815301076,1909f56bfc062723c751e8b465ee728b)  -> (artifact id: '69cd14ff49cb264c9697f3c640564636') in 0.421640 seconds 
========================================================================
Received Import Request.
  Time since last request: 3.271264 seconds.
  path: Assets/Models/T-Pose/Remy.fbx
  artifactKey: Guid(2010d049a89deb0498275da90ba5af44) Importer(815301076,1909f56bfc062723c751e8b465ee728b)
Start importing Assets/Models/T-Pose/Remy.fbx using Guid(2010d049a89deb0498275da90ba5af44) Importer(815301076,1909f56bfc062723c751e8b465ee728b)  -> (artifact id: '8c3b1c2a1be13e0c53e3a57a1f733e18') in 0.083148 seconds 
========================================================================
Received Prepare
Registering precompiled user dll's ...
Registered in 0.006526 seconds.
Begin MonoManager ReloadAssembly
Symbol file LoadedFromMemory doesn't match image C:\Users\蔡文磊\Documents\GitHub\CrossMetaTrade\CrossMetaTrade\Library\PackageCache\com.unity.visualscripting@1.7.8\Editor\VisualScripting.Core\Dependencies\YamlDotNet\Unity.VisualScripting.YamlDotNet.dll
Symbol file LoadedFromMemory doesn't match image C:\Users\蔡文磊\Documents\GitHub\CrossMetaTrade\CrossMetaTrade\Library\PackageCache\com.unity.visualscripting@1.7.8\Editor\VisualScripting.Core\Dependencies\DotNetZip\Unity.VisualScripting.IonicZip.dll
Native extension for WindowsStandalone target not found
Native extension for WebGL target not found
Refreshing native plugins compatible for Editor in 0.41 ms, found 3 plugins.
Preloading 0 native plugins for Editor in 0.00 ms.
Mono: successfully reloaded assembly
- Completed reload, in  0.715 seconds
Domain Reload Profiling:
	ReloadAssembly (715ms)
		BeginReloadAssembly (97ms)
			ExecutionOrderSort (0ms)
			DisableScriptedObjects (3ms)
			BackupInstance (0ms)
			ReleaseScriptingObjects (0ms)
			CreateAndSetChildDomain (25ms)
		EndReloadAssembly (547ms)
			LoadAssemblies (60ms)
			RebuildTransferFunctionScriptingTraits (0ms)
			SetupTypeCache (175ms)
			ReleaseScriptCaches (1ms)
			RebuildScriptCaches (28ms)
			SetupLoadedEditorAssemblies (247ms)
				LogAssemblyErrors (0ms)
				InitializePlatformSupportModulesInManaged (11ms)
				SetLoadedEditorAssemblies (0ms)
				RefreshPlugins (0ms)
				BeforeProcessingInitializeOnLoad (50ms)
				ProcessInitializeOnLoadAttributes (157ms)
				ProcessInitializeOnLoadMethodAttributes (18ms)
				AfterProcessingInitializeOnLoad (10ms)
				EditorAssembliesLoaded (0ms)
			ExecutionOrderSort2 (0ms)
			AwakeInstancesAfterBackupRestoration (5ms)
Platform modules already initialized, skipping
Refreshing native plugins compatible for Editor in 1.60 ms, found 3 plugins.
Preloading 0 native plugins for Editor in 0.00 ms.
Unloading 3363 Unused Serialized files (Serialized files now loaded: 0)
Unloading 20 unused Assets / (78.6 KB). Loaded Objects now: 3876.
Memory consumption went from 133.4 MB to 133.3 MB.
Total: 2.614300 ms (FindLiveObjects: 0.233500 ms CreateObjectMapping: 0.087700 ms MarkObjects: 2.213500 ms  DeleteObjects: 0.078400 ms)

AssetImportParameters requested are different than current active one (requested -> active):
  custom:video-decoder-ogg-theora: a1e56fd34408186e4bbccfd4996cb3dc -> 
  custom:container-muxer-webm: aa71ff27fc2769a1b78a27578f13a17b -> 
  custom:container-demuxer-webm: 4f35f7cbe854078d1ac9338744f61a02 -> 
  custom:video-encoder-webm-vp8: eb34c28f22e8b96e1ab97ce403110664 -> 
  custom:video-codec-MediaFoundation-h265: 746d11721c4dcdbdad8f713fa42b33f4 -> 
  custom:audio-encoder-webm-vorbis: bf7c407c2cedff20999df2af8eb42d56 -> 
  custom:framework-win-MediaFoundation: 216162199b28c13a410421893ffa2e32 -> 
  custom:container-demuxer-ogg: 62fdf1f143b41e24485cea50d1cbac27 -> 
  custom:video-decoder-webm-vp8: 9c59270c3fd7afecdb556c50c9e8de78 -> 
  custom:audio-decoder-ogg-vorbis: bf7c407c2cedff20999df2af8eb42d56 -> 
========================================================================
Received Import Request.
  Time since last request: 182.500855 seconds.
  path: Assets/Models/T-Pose/Ch22_nonPBR.fbx
  artifactKey: Guid(fed853bc585d40543a2687644664243a) Importer(815301076,1909f56bfc062723c751e8b465ee728b)
Start importing Assets/Models/T-Pose/Ch22_nonPBR.fbx using Guid(fed853bc585d40543a2687644664243a) Importer(815301076,1909f56bfc062723c751e8b465ee728b)  -> (artifact id: '7168edeb2ce3356a24294cb18236c607') in 0.138392 seconds 
========================================================================
Received Import Request.
  Time since last request: 16.807960 seconds.
  path: Assets/Models/T-Pose/Ch22_nonPBR.fbx
  artifactKey: Guid(fed853bc585d40543a2687644664243a) Importer(815301076,1909f56bfc062723c751e8b465ee728b)
Start importing Assets/Models/T-Pose/Ch22_nonPBR.fbx using Guid(fed853bc585d40543a2687644664243a) Importer(815301076,1909f56bfc062723c751e8b465ee728b)  -> (artifact id: '86012aaddfcc935698741b56f100444b') in 0.058275 seconds 
========================================================================
Received Import Request.
  Time since last request: 7.241837 seconds.
  path: Assets/Models/T-Pose/Ch22_nonPBR.fbx
  artifactKey: Guid(fed853bc585d40543a2687644664243a) Importer(815301076,1909f56bfc062723c751e8b465ee728b)
Start importing Assets/Models/T-Pose/Ch22_nonPBR.fbx using Guid(fed853bc585d40543a2687644664243a) Importer(815301076,1909f56bfc062723c751e8b465ee728b)  -> (artifact id: '92b9fdfc79ead65dd59295d057c930bd') in 0.057263 seconds 
========================================================================
Received Import Request.
  Time since last request: 1.957942 seconds.
  path: Assets/Models/T-Pose/Ch22_nonPBR.fbx
  artifactKey: Guid(fed853bc585d40543a2687644664243a) Importer(815301076,1909f56bfc062723c751e8b465ee728b)
Start importing Assets/Models/T-Pose/Ch22_nonPBR.fbx using Guid(fed853bc585d40543a2687644664243a) Importer(815301076,1909f56bfc062723c751e8b465ee728b)  -> (artifact id: '1b3b210ab1140007a8030437ec5c113d') in 0.060635 seconds 
========================================================================
Received Import Request.
  Time since last request: 11.856990 seconds.
  path: Assets/Models/T-Pose/Remy.fbx
  artifactKey: Guid(2010d049a89deb0498275da90ba5af44) Importer(815301076,1909f56bfc062723c751e8b465ee728b)
Start importing Assets/Models/T-Pose/Remy.fbx using Guid(2010d049a89deb0498275da90ba5af44) Importer(815301076,1909f56bfc062723c751e8b465ee728b)  -> (artifact id: '4ee690cd7ad893d9d60aea572cff9659') in 0.243949 seconds 
========================================================================
Received Import Request.
  Time since last request: 4.586329 seconds.
  path: Assets/Models/T-Pose/Remy.fbx
  artifactKey: Guid(2010d049a89deb0498275da90ba5af44) Importer(815301076,1909f56bfc062723c751e8b465ee728b)
Start importing Assets/Models/T-Pose/Remy.fbx using Guid(2010d049a89deb0498275da90ba5af44) Importer(815301076,1909f56bfc062723c751e8b465ee728b)  -> (artifact id: '6fcefe308c8b277d587ffcfdcb9dc49a') in 0.134205 seconds 
========================================================================
Received Prepare
Registering precompiled user dll's ...
Registered in 0.006313 seconds.
Begin MonoManager ReloadAssembly
Symbol file LoadedFromMemory doesn't match image C:\Users\蔡文磊\Documents\GitHub\CrossMetaTrade\CrossMetaTrade\Library\PackageCache\com.unity.visualscripting@1.7.8\Editor\VisualScripting.Core\Dependencies\YamlDotNet\Unity.VisualScripting.YamlDotNet.dll
Symbol file LoadedFromMemory doesn't match image C:\Users\蔡文磊\Documents\GitHub\CrossMetaTrade\CrossMetaTrade\Library\PackageCache\com.unity.visualscripting@1.7.8\Editor\VisualScripting.Core\Dependencies\DotNetZip\Unity.VisualScripting.IonicZip.dll
Native extension for WindowsStandalone target not found
Native extension for WebGL target not found
Refreshing native plugins compatible for Editor in 0.43 ms, found 3 plugins.
Preloading 0 native plugins for Editor in 0.00 ms.
Mono: successfully reloaded assembly
- Completed reload, in  0.691 seconds
Domain Reload Profiling:
	ReloadAssembly (692ms)
		BeginReloadAssembly (96ms)
			ExecutionOrderSort (0ms)
			DisableScriptedObjects (2ms)
			BackupInstance (0ms)
			ReleaseScriptingObjects (0ms)
			CreateAndSetChildDomain (25ms)
		EndReloadAssembly (521ms)
			LoadAssemblies (61ms)
			RebuildTransferFunctionScriptingTraits (0ms)
			SetupTypeCache (171ms)
			ReleaseScriptCaches (1ms)
			RebuildScriptCaches (27ms)
			SetupLoadedEditorAssemblies (225ms)
				LogAssemblyErrors (0ms)
				InitializePlatformSupportModulesInManaged (11ms)
				SetLoadedEditorAssemblies (0ms)
				RefreshPlugins (0ms)
				BeforeProcessingInitializeOnLoad (48ms)
				ProcessInitializeOnLoadAttributes (137ms)
				ProcessInitializeOnLoadMethodAttributes (20ms)
				AfterProcessingInitializeOnLoad (8ms)
				EditorAssembliesLoaded (0ms)
			ExecutionOrderSort2 (0ms)
			AwakeInstancesAfterBackupRestoration (5ms)
Platform modules already initialized, skipping
Refreshing native plugins compatible for Editor in 2.79 ms, found 3 plugins.
Preloading 0 native plugins for Editor in 0.00 ms.
Unloading 3363 Unused Serialized files (Serialized files now loaded: 0)
Unloading 20 unused Assets / (78.6 KB). Loaded Objects now: 3879.
Memory consumption went from 133.5 MB to 133.4 MB.
Total: 2.209200 ms (FindLiveObjects: 0.179400 ms CreateObjectMapping: 0.121600 ms MarkObjects: 1.829600 ms  DeleteObjects: 0.077500 ms)

AssetImportParameters requested are different than current active one (requested -> active):
  custom:video-decoder-ogg-theora: a1e56fd34408186e4bbccfd4996cb3dc -> 
  custom:container-muxer-webm: aa71ff27fc2769a1b78a27578f13a17b -> 
  custom:container-demuxer-webm: 4f35f7cbe854078d1ac9338744f61a02 -> 
  custom:video-encoder-webm-vp8: eb34c28f22e8b96e1ab97ce403110664 -> 
  custom:video-codec-MediaFoundation-h265: 746d11721c4dcdbdad8f713fa42b33f4 -> 
  custom:audio-encoder-webm-vorbis: bf7c407c2cedff20999df2af8eb42d56 -> 
  custom:framework-win-MediaFoundation: 216162199b28c13a410421893ffa2e32 -> 
  custom:container-demuxer-ogg: 62fdf1f143b41e24485cea50d1cbac27 -> 
  custom:video-decoder-webm-vp8: 9c59270c3fd7afecdb556c50c9e8de78 -> 
  custom:audio-decoder-ogg-vorbis: bf7c407c2cedff20999df2af8eb42d56 -> 
========================================================================
Received Import Request.
  Time since last request: 61.816666 seconds.
  path: Assets/Models/PlayerAnimatorController.controller
  artifactKey: Guid(c42f92f64ed78ec41ad51263f609dd17) Importer(815301076,1909f56bfc062723c751e8b465ee728b)
Start importing Assets/Models/PlayerAnimatorController.controller using Guid(c42f92f64ed78ec41ad51263f609dd17) Importer(815301076,1909f56bfc062723c751e8b465ee728b)  -> (artifact id: '12ee11d8ab05ef8808abee623c3907f2') in 0.027563 seconds 
========================================================================
Received Import Request.
  Time since last request: 126.027401 seconds.
  path: Assets/Models/Animations/Neutral Idle.anim
  artifactKey: Guid(ca285309cf1249649831cc0919c0ed93) Importer(815301076,1909f56bfc062723c751e8b465ee728b)
Start importing Assets/Models/Animations/Neutral Idle.anim using Guid(ca285309cf1249649831cc0919c0ed93) Importer(815301076,1909f56bfc062723c751e8b465ee728b)  -> (artifact id: 'c0709af0938f51caf00ae89b2b028305') in 0.017774 seconds 
========================================================================
Received Import Request.
  Time since last request: 50.219554 seconds.
  path: Assets/Models/PlayerAnimatorController.controller
  artifactKey: Guid(c42f92f64ed78ec41ad51263f609dd17) Importer(815301076,1909f56bfc062723c751e8b465ee728b)
Start importing Assets/Models/PlayerAnimatorController.controller using Guid(c42f92f64ed78ec41ad51263f609dd17) Importer(815301076,1909f56bfc062723c751e8b465ee728b)  -> (artifact id: '60c87da7d699b7645ebb312e2f94c869') in 0.032965 seconds 
========================================================================
Received Prepare
Registering precompiled user dll's ...
Registered in 0.006624 seconds.
Begin MonoManager ReloadAssembly
Symbol file LoadedFromMemory doesn't match image C:\Users\蔡文磊\Documents\GitHub\CrossMetaTrade\CrossMetaTrade\Library\PackageCache\com.unity.visualscripting@1.7.8\Editor\VisualScripting.Core\Dependencies\YamlDotNet\Unity.VisualScripting.YamlDotNet.dll
Symbol file LoadedFromMemory doesn't match image C:\Users\蔡文磊\Documents\GitHub\CrossMetaTrade\CrossMetaTrade\Library\PackageCache\com.unity.visualscripting@1.7.8\Editor\VisualScripting.Core\Dependencies\DotNetZip\Unity.VisualScripting.IonicZip.dll
Native extension for WindowsStandalone target not found
Native extension for WebGL target not found
Refreshing native plugins compatible for Editor in 0.39 ms, found 3 plugins.
Preloading 0 native plugins for Editor in 0.00 ms.
Mono: successfully reloaded assembly
- Completed reload, in  0.697 seconds
Domain Reload Profiling:
	ReloadAssembly (698ms)
		BeginReloadAssembly (94ms)
			ExecutionOrderSort (0ms)
			DisableScriptedObjects (4ms)
			BackupInstance (0ms)
			ReleaseScriptingObjects (0ms)
			CreateAndSetChildDomain (24ms)
		EndReloadAssembly (527ms)
			LoadAssemblies (60ms)
			RebuildTransferFunctionScriptingTraits (0ms)
			SetupTypeCache (167ms)
			ReleaseScriptCaches (1ms)
			RebuildScriptCaches (24ms)
			SetupLoadedEditorAssemblies (238ms)
				LogAssemblyErrors (0ms)
				InitializePlatformSupportModulesInManaged (11ms)
				SetLoadedEditorAssemblies (0ms)
				RefreshPlugins (0ms)
				BeforeProcessingInitializeOnLoad (49ms)
				ProcessInitializeOnLoadAttributes (149ms)
				ProcessInitializeOnLoadMethodAttributes (21ms)
				AfterProcessingInitializeOnLoad (9ms)
				EditorAssembliesLoaded (0ms)
			ExecutionOrderSort2 (0ms)
			AwakeInstancesAfterBackupRestoration (4ms)
Platform modules already initialized, skipping
Refreshing native plugins compatible for Editor in 2.24 ms, found 3 plugins.
Preloading 0 native plugins for Editor in 0.00 ms.
Unloading 3363 Unused Serialized files (Serialized files now loaded: 0)
Unloading 20 unused Assets / (78.6 KB). Loaded Objects now: 3882.
Memory consumption went from 133.5 MB to 133.4 MB.
Total: 2.131400 ms (FindLiveObjects: 0.193400 ms CreateObjectMapping: 0.077400 ms MarkObjects: 1.790800 ms  DeleteObjects: 0.068700 ms)

AssetImportParameters requested are different than current active one (requested -> active):
  custom:video-decoder-ogg-theora: a1e56fd34408186e4bbccfd4996cb3dc -> 
  custom:container-muxer-webm: aa71ff27fc2769a1b78a27578f13a17b -> 
  custom:container-demuxer-webm: 4f35f7cbe854078d1ac9338744f61a02 -> 
  custom:video-encoder-webm-vp8: eb34c28f22e8b96e1ab97ce403110664 -> 
  custom:video-codec-MediaFoundation-h265: 746d11721c4dcdbdad8f713fa42b33f4 -> 
  custom:audio-encoder-webm-vorbis: bf7c407c2cedff20999df2af8eb42d56 -> 
  custom:framework-win-MediaFoundation: 216162199b28c13a410421893ffa2e32 -> 
  custom:container-demuxer-ogg: 62fdf1f143b41e24485cea50d1cbac27 -> 
  custom:video-decoder-webm-vp8: 9c59270c3fd7afecdb556c50c9e8de78 -> 
  custom:audio-decoder-ogg-vorbis: bf7c407c2cedff20999df2af8eb42d56 -> 
========================================================================
Received Prepare
Registering precompiled user dll's ...
Registered in 0.007063 seconds.
Begin MonoManager ReloadAssembly
Symbol file LoadedFromMemory doesn't match image C:\Users\蔡文磊\Documents\GitHub\CrossMetaTrade\CrossMetaTrade\Library\PackageCache\com.unity.visualscripting@1.7.8\Editor\VisualScripting.Core\Dependencies\YamlDotNet\Unity.VisualScripting.YamlDotNet.dll
Symbol file LoadedFromMemory doesn't match image C:\Users\蔡文磊\Documents\GitHub\CrossMetaTrade\CrossMetaTrade\Library\PackageCache\com.unity.visualscripting@1.7.8\Editor\VisualScripting.Core\Dependencies\DotNetZip\Unity.VisualScripting.IonicZip.dll
Native extension for WindowsStandalone target not found
Native extension for WebGL target not found
Refreshing native plugins compatible for Editor in 0.47 ms, found 3 plugins.
Preloading 0 native plugins for Editor in 0.00 ms.
Mono: successfully reloaded assembly
- Completed reload, in  0.694 seconds
Domain Reload Profiling:
	ReloadAssembly (694ms)
		BeginReloadAssembly (97ms)
			ExecutionOrderSort (0ms)
			DisableScriptedObjects (4ms)
			BackupInstance (0ms)
			ReleaseScriptingObjects (0ms)
			CreateAndSetChildDomain (25ms)
		EndReloadAssembly (528ms)
			LoadAssemblies (60ms)
			RebuildTransferFunctionScriptingTraits (0ms)
			SetupTypeCache (165ms)
			ReleaseScriptCaches (1ms)
			RebuildScriptCaches (26ms)
			SetupLoadedEditorAssemblies (241ms)
				LogAssemblyErrors (0ms)
				InitializePlatformSupportModulesInManaged (11ms)
				SetLoadedEditorAssemblies (0ms)
				RefreshPlugins (1ms)
				BeforeProcessingInitializeOnLoad (51ms)
				ProcessInitializeOnLoadAttributes (149ms)
				ProcessInitializeOnLoadMethodAttributes (20ms)
				AfterProcessingInitializeOnLoad (9ms)
				EditorAssembliesLoaded (0ms)
			ExecutionOrderSort2 (0ms)
			AwakeInstancesAfterBackupRestoration (5ms)
Platform modules already initialized, skipping
Refreshing native plugins compatible for Editor in 1.70 ms, found 3 plugins.
Preloading 0 native plugins for Editor in 0.00 ms.
Unloading 3363 Unused Serialized files (Serialized files now loaded: 0)
Unloading 20 unused Assets / (78.5 KB). Loaded Objects now: 3885.
Memory consumption went from 133.5 MB to 133.4 MB.
Total: 2.225500 ms (FindLiveObjects: 0.182500 ms CreateObjectMapping: 0.096100 ms MarkObjects: 1.868800 ms  DeleteObjects: 0.077000 ms)

AssetImportParameters requested are different than current active one (requested -> active):
  custom:video-decoder-ogg-theora: a1e56fd34408186e4bbccfd4996cb3dc -> 
  custom:container-muxer-webm: aa71ff27fc2769a1b78a27578f13a17b -> 
  custom:container-demuxer-webm: 4f35f7cbe854078d1ac9338744f61a02 -> 
  custom:video-encoder-webm-vp8: eb34c28f22e8b96e1ab97ce403110664 -> 
  custom:video-codec-MediaFoundation-h265: 746d11721c4dcdbdad8f713fa42b33f4 -> 
  custom:audio-encoder-webm-vorbis: bf7c407c2cedff20999df2af8eb42d56 -> 
  custom:framework-win-MediaFoundation: 216162199b28c13a410421893ffa2e32 -> 
  custom:container-demuxer-ogg: 62fdf1f143b41e24485cea50d1cbac27 -> 
  custom:video-decoder-webm-vp8: 9c59270c3fd7afecdb556c50c9e8de78 -> 
  custom:audio-decoder-ogg-vorbis: bf7c407c2cedff20999df2af8eb42d56 -> 
========================================================================
Received Prepare
Registering precompiled user dll's ...
Registered in 0.006855 seconds.
Begin MonoManager ReloadAssembly
Symbol file LoadedFromMemory doesn't match image C:\Users\蔡文磊\Documents\GitHub\CrossMetaTrade\CrossMetaTrade\Library\PackageCache\com.unity.visualscripting@1.7.8\Editor\VisualScripting.Core\Dependencies\YamlDotNet\Unity.VisualScripting.YamlDotNet.dll
Symbol file LoadedFromMemory doesn't match image C:\Users\蔡文磊\Documents\GitHub\CrossMetaTrade\CrossMetaTrade\Library\PackageCache\com.unity.visualscripting@1.7.8\Editor\VisualScripting.Core\Dependencies\DotNetZip\Unity.VisualScripting.IonicZip.dll
Native extension for WindowsStandalone target not found
Native extension for WebGL target not found
Refreshing native plugins compatible for Editor in 0.59 ms, found 3 plugins.
Preloading 0 native plugins for Editor in 0.00 ms.
Mono: successfully reloaded assembly
- Completed reload, in  0.684 seconds
Domain Reload Profiling:
	ReloadAssembly (685ms)
		BeginReloadAssembly (99ms)
			ExecutionOrderSort (0ms)
			DisableScriptedObjects (3ms)
			BackupInstance (0ms)
			ReleaseScriptingObjects (0ms)
			CreateAndSetChildDomain (25ms)
		EndReloadAssembly (512ms)
			LoadAssemblies (61ms)
			RebuildTransferFunctionScriptingTraits (0ms)
			SetupTypeCache (168ms)
			ReleaseScriptCaches (1ms)
			RebuildScriptCaches (25ms)
			SetupLoadedEditorAssemblies (226ms)
				LogAssemblyErrors (0ms)
				InitializePlatformSupportModulesInManaged (12ms)
				SetLoadedEditorAssemblies (1ms)
				RefreshPlugins (1ms)
				BeforeProcessingInitializeOnLoad (49ms)
				ProcessInitializeOnLoadAttributes (138ms)
				ProcessInitializeOnLoadMethodAttributes (18ms)
				AfterProcessingInitializeOnLoad (8ms)
				EditorAssembliesLoaded (0ms)
			ExecutionOrderSort2 (0ms)
			AwakeInstancesAfterBackupRestoration (4ms)
Platform modules already initialized, skipping
Refreshing native plugins compatible for Editor in 3.16 ms, found 3 plugins.
Preloading 0 native plugins for Editor in 0.00 ms.
Unloading 3363 Unused Serialized files (Serialized files now loaded: 0)
Unloading 20 unused Assets / (78.6 KB). Loaded Objects now: 3888.
Memory consumption went from 133.5 MB to 133.4 MB.
Total: 2.156500 ms (FindLiveObjects: 0.171500 ms CreateObjectMapping: 0.081500 ms MarkObjects: 1.829200 ms  DeleteObjects: 0.073300 ms)

AssetImportParameters requested are different than current active one (requested -> active):
  custom:video-decoder-ogg-theora: a1e56fd34408186e4bbccfd4996cb3dc -> 
  custom:container-muxer-webm: aa71ff27fc2769a1b78a27578f13a17b -> 
  custom:container-demuxer-webm: 4f35f7cbe854078d1ac9338744f61a02 -> 
  custom:video-encoder-webm-vp8: eb34c28f22e8b96e1ab97ce403110664 -> 
  custom:video-codec-MediaFoundation-h265: 746d11721c4dcdbdad8f713fa42b33f4 -> 
  custom:audio-encoder-webm-vorbis: bf7c407c2cedff20999df2af8eb42d56 -> 
  custom:framework-win-MediaFoundation: 216162199b28c13a410421893ffa2e32 -> 
  custom:container-demuxer-ogg: 62fdf1f143b41e24485cea50d1cbac27 -> 
  custom:video-decoder-webm-vp8: 9c59270c3fd7afecdb556c50c9e8de78 -> 
  custom:audio-decoder-ogg-vorbis: bf7c407c2cedff20999df2af8eb42d56 -> 
========================================================================
Received Prepare
Registering precompiled user dll's ...
Registered in 0.011192 seconds.
Begin MonoManager ReloadAssembly
Symbol file LoadedFromMemory doesn't match image C:\Users\蔡文磊\Documents\GitHub\CrossMetaTrade\CrossMetaTrade\Library\PackageCache\com.unity.visualscripting@1.7.8\Editor\VisualScripting.Core\Dependencies\YamlDotNet\Unity.VisualScripting.YamlDotNet.dll
Symbol file LoadedFromMemory doesn't match image C:\Users\蔡文磊\Documents\GitHub\CrossMetaTrade\CrossMetaTrade\Library\PackageCache\com.unity.visualscripting@1.7.8\Editor\VisualScripting.Core\Dependencies\DotNetZip\Unity.VisualScripting.IonicZip.dll
Native extension for WindowsStandalone target not found
Native extension for WebGL target not found
Refreshing native plugins compatible for Editor in 0.64 ms, found 3 plugins.
Preloading 0 native plugins for Editor in 0.00 ms.
Mono: successfully reloaded assembly
- Completed reload, in  1.095 seconds
Domain Reload Profiling:
	ReloadAssembly (1096ms)
		BeginReloadAssembly (148ms)
			ExecutionOrderSort (0ms)
			DisableScriptedObjects (6ms)
			BackupInstance (0ms)
			ReleaseScriptingObjects (0ms)
			CreateAndSetChildDomain (32ms)
		EndReloadAssembly (827ms)
			LoadAssemblies (99ms)
			RebuildTransferFunctionScriptingTraits (0ms)
			SetupTypeCache (254ms)
			ReleaseScriptCaches (1ms)
			RebuildScriptCaches (42ms)
			SetupLoadedEditorAssemblies (377ms)
				LogAssemblyErrors (0ms)
				InitializePlatformSupportModulesInManaged (17ms)
				SetLoadedEditorAssemblies (1ms)
				RefreshPlugins (1ms)
				BeforeProcessingInitializeOnLoad (89ms)
				ProcessInitializeOnLoadAttributes (225ms)
				ProcessInitializeOnLoadMethodAttributes (30ms)
				AfterProcessingInitializeOnLoad (16ms)
				EditorAssembliesLoaded (0ms)
			ExecutionOrderSort2 (0ms)
			AwakeInstancesAfterBackupRestoration (8ms)
Platform modules already initialized, skipping
Refreshing native plugins compatible for Editor in 3.40 ms, found 3 plugins.
Preloading 0 native plugins for Editor in 0.00 ms.
Unloading 3363 Unused Serialized files (Serialized files now loaded: 0)
Unloading 20 unused Assets / (78.6 KB). Loaded Objects now: 3891.
Memory consumption went from 133.5 MB to 133.4 MB.
Total: 3.200600 ms (FindLiveObjects: 0.253900 ms CreateObjectMapping: 0.101100 ms MarkObjects: 2.743200 ms  DeleteObjects: 0.100900 ms)

AssetImportParameters requested are different than current active one (requested -> active):
  custom:video-decoder-ogg-theora: a1e56fd34408186e4bbccfd4996cb3dc -> 
  custom:container-muxer-webm: aa71ff27fc2769a1b78a27578f13a17b -> 
  custom:container-demuxer-webm: 4f35f7cbe854078d1ac9338744f61a02 -> 
  custom:video-encoder-webm-vp8: eb34c28f22e8b96e1ab97ce403110664 -> 
  custom:video-codec-MediaFoundation-h265: 746d11721c4dcdbdad8f713fa42b33f4 -> 
  custom:audio-encoder-webm-vorbis: bf7c407c2cedff20999df2af8eb42d56 -> 
  custom:framework-win-MediaFoundation: 216162199b28c13a410421893ffa2e32 -> 
  custom:container-demuxer-ogg: 62fdf1f143b41e24485cea50d1cbac27 -> 
  custom:video-decoder-webm-vp8: 9c59270c3fd7afecdb556c50c9e8de78 -> 
  custom:audio-decoder-ogg-vorbis: bf7c407c2cedff20999df2af8eb42d56 -> 
========================================================================
Received Prepare
Registering precompiled user dll's ...
Registered in 0.008349 seconds.
Begin MonoManager ReloadAssembly
Symbol file LoadedFromMemory doesn't match image C:\Users\蔡文磊\Documents\GitHub\CrossMetaTrade\CrossMetaTrade\Library\PackageCache\com.unity.visualscripting@1.7.8\Editor\VisualScripting.Core\Dependencies\YamlDotNet\Unity.VisualScripting.YamlDotNet.dll
Symbol file LoadedFromMemory doesn't match image C:\Users\蔡文磊\Documents\GitHub\CrossMetaTrade\CrossMetaTrade\Library\PackageCache\com.unity.visualscripting@1.7.8\Editor\VisualScripting.Core\Dependencies\DotNetZip\Unity.VisualScripting.IonicZip.dll
Native extension for WindowsStandalone target not found
Native extension for WebGL target not found
Refreshing native plugins compatible for Editor in 0.41 ms, found 3 plugins.
Preloading 0 native plugins for Editor in 0.00 ms.
Mono: successfully reloaded assembly
- Completed reload, in  0.694 seconds
Domain Reload Profiling:
	ReloadAssembly (695ms)
		BeginReloadAssembly (94ms)
			ExecutionOrderSort (0ms)
			DisableScriptedObjects (4ms)
			BackupInstance (0ms)
			ReleaseScriptingObjects (0ms)
			CreateAndSetChildDomain (23ms)
		EndReloadAssembly (532ms)
			LoadAssemblies (57ms)
			RebuildTransferFunctionScriptingTraits (0ms)
			SetupTypeCache (170ms)
			ReleaseScriptCaches (1ms)
			RebuildScriptCaches (28ms)
			SetupLoadedEditorAssemblies (236ms)
				LogAssemblyErrors (0ms)
				InitializePlatformSupportModulesInManaged (10ms)
				SetLoadedEditorAssemblies (0ms)
				RefreshPlugins (0ms)
				BeforeProcessingInitializeOnLoad (50ms)
				ProcessInitializeOnLoadAttributes (148ms)
				ProcessInitializeOnLoadMethodAttributes (19ms)
				AfterProcessingInitializeOnLoad (7ms)
				EditorAssembliesLoaded (0ms)
			ExecutionOrderSort2 (0ms)
			AwakeInstancesAfterBackupRestoration (5ms)
Platform modules already initialized, skipping
Refreshing native plugins compatible for Editor in 2.33 ms, found 3 plugins.
Preloading 0 native plugins for Editor in 0.00 ms.
Unloading 3363 Unused Serialized files (Serialized files now loaded: 0)
Unloading 20 unused Assets / (78.5 KB). Loaded Objects now: 3894.
Memory consumption went from 133.5 MB to 133.5 MB.
Total: 2.161100 ms (FindLiveObjects: 0.175000 ms CreateObjectMapping: 0.076900 ms MarkObjects: 1.836500 ms  DeleteObjects: 0.071600 ms)

AssetImportParameters requested are different than current active one (requested -> active):
  custom:video-decoder-ogg-theora: a1e56fd34408186e4bbccfd4996cb3dc -> 
  custom:container-muxer-webm: aa71ff27fc2769a1b78a27578f13a17b -> 
  custom:container-demuxer-webm: 4f35f7cbe854078d1ac9338744f61a02 -> 
  custom:video-encoder-webm-vp8: eb34c28f22e8b96e1ab97ce403110664 -> 
  custom:video-codec-MediaFoundation-h265: 746d11721c4dcdbdad8f713fa42b33f4 -> 
  custom:audio-encoder-webm-vorbis: bf7c407c2cedff20999df2af8eb42d56 -> 
  custom:framework-win-MediaFoundation: 216162199b28c13a410421893ffa2e32 -> 
  custom:container-demuxer-ogg: 62fdf1f143b41e24485cea50d1cbac27 -> 
  custom:video-decoder-webm-vp8: 9c59270c3fd7afecdb556c50c9e8de78 -> 
  custom:audio-decoder-ogg-vorbis: bf7c407c2cedff20999df2af8eb42d56 -> 
